Determining if the pthread_create exist failed with the following output:
Change Dir: /home/ros/DiegoPozo_ws/build/CMakeFiles/CMakeTmp

Run Build Command:/usr/bin/make "cmTryCompileExec681040206/fast"
/usr/bin/make -f CMakeFiles/cmTryCompileExec681040206.dir/build.make CMakeFiles/cmTryCompileExec681040206.dir/build
make[1]: Entering directory `/home/ros/DiegoPozo_ws/build/CMakeFiles/CMakeTmp'
/usr/bin/cmake -E cmake_progress_report /home/ros/DiegoPozo_ws/build/CMakeFiles/CMakeTmp/CMakeFiles 1
Building C object CMakeFiles/cmTryCompileExec681040206.dir/CheckSymbolExists.c.o
/usr/bin/cc    -o CMakeFiles/cmTryCompileExec681040206.dir/CheckSymbolExists.c.o   -c /home/ros/DiegoPozo_ws/build/CMakeFiles/CMakeTmp/CheckSymbolExists.c
Linking C executable cmTryCompileExec681040206
/usr/bin/cmake -E cmake_link_script CMakeFiles/cmTryCompileExec681040206.dir/link.txt --verbose=1
/usr/bin/cc       CMakeFiles/cmTryCompileExec681040206.dir/CheckSymbolExists.c.o  -o cmTryCompileExec681040206 -rdynamic 
CMakeFiles/cmTryCompileExec681040206.dir/CheckSymbolExists.c.o: In function `main':
CheckSymbolExists.c:(.text+0x16): undefined reference to `pthread_create'
collect2: error: ld returned 1 exit status
make[1]: *** [cmTryCompileExec681040206] Error 1
make[1]: Leaving directory `/home/ros/DiegoPozo_ws/build/CMakeFiles/CMakeTmp'
make: *** [cmTryCompileExec681040206/fast] Error 2

File /home/ros/DiegoPozo_ws/build/CMakeFiles/CMakeTmp/CheckSymbolExists.c:
/* */
#include <pthread.h>

int main(int argc, char** argv)
{
  (void)argv;
#ifndef pthread_create
  return ((int*)(&pthread_create))[argc];
#else
  (void)argc;
  return 0;
#endif
}

Determining if the function pthread_create exists in the pthreads failed with the following output:
Change Dir: /home/ros/DiegoPozo_ws/build/CMakeFiles/CMakeTmp

Run Build Command:/usr/bin/make "cmTryCompileExec1304205303/fast"
/usr/bin/make -f CMakeFiles/cmTryCompileExec1304205303.dir/build.make CMakeFiles/cmTryCompileExec1304205303.dir/build
make[1]: Entering directory `/home/ros/DiegoPozo_ws/build/CMakeFiles/CMakeTmp'
/usr/bin/cmake -E cmake_progress_report /home/ros/DiegoPozo_ws/build/CMakeFiles/CMakeTmp/CMakeFiles 1
Building C object CMakeFiles/cmTryCompileExec1304205303.dir/CheckFunctionExists.c.o
/usr/bin/cc   -DCHECK_FUNCTION_EXISTS=pthread_create   -o CMakeFiles/cmTryCompileExec1304205303.dir/CheckFunctionExists.c.o   -c /usr/share/cmake-2.8/Modules/CheckFunctionExists.c
Linking C executable cmTryCompileExec1304205303
/usr/bin/cmake -E cmake_link_script CMakeFiles/cmTryCompileExec1304205303.dir/link.txt --verbose=1
/usr/bin/cc   -DCHECK_FUNCTION_EXISTS=pthread_create    CMakeFiles/cmTryCompileExec1304205303.dir/CheckFunctionExists.c.o  -o cmTryCompileExec1304205303 -rdynamic -lpthreads 
/usr/bin/ld: cannot find -lpthreads
collect2: error: ld returned 1 exit status
make[1]: Leaving directory `/home/ros/DiegoPozo_ws/build/CMakeFiles/CMakeTmp'
make[1]: *** [cmTryCompileExec1304205303] Error 1
make: *** [cmTryCompileExec1304205303/fast] Error 2


